2025-01-26T00:05:56+00:00 DEBUG POST: https://business-api.tiktok.com/tbp/v2.0/business_profile/disconnect?external_data=

{"business_platform":"WOO_COMMERCE","external_business_id":"tt4b_woocommerce_67957629e4e5f"}
 ajax: no
2025-01-26T00:05:56+00:00 DEBUG Tt4b_Mapi_Class::tbp_post: Response: 

HTTP/1.1 200 OK
Content-Type: application/json; charset=utf-8
Content-Length: 95
X-Api-Deprecation-Info: API for Business Version 1.3 is now live. To avoid disruption to your business, we recommend you migrate all calls to v1.3 as soon as possible. Please visit our migration guide for more details: https://ads.tiktok.com/marketing_api/docs?id=1740029169927169
X-Domain-Change-Info: We have moved to the new domain business-api.tiktok.com for API services after the Platform Upgrade on 09/30/2021. Please update all of your requests with the new domain if you haven't done so already. For more information, please visit https://ads.tiktok.com/marketing_api/docs?rid=esb88xalm6m&id=1709207085043713
X-Tt-Logid: 2025012600055535F5CC6482173B7D0B59
x-tt-trace-host: 0122e596d261e17d59f2b5dceede5664a429174bbf321b22e94ba015811853b02658391d1664237aa22f2e29bf0785d7328845d7ab4bebee1b776afe6cf2788026a5311dafa3eb3c7c60085315bbd34f5018927d058074890577e0bb0fe3b8525a6326672165faefe944124300dc7ffac6
x-tt-trace-id: 00-25012600055535F5CC6482173B7D0B59-615B7CF30661C767-00
Server: TLB
X-Origin-Response-Time: 12,23.45.206.198
X-Akamai-Request-ID: a1b6d86b.2c01c9a6
Expires: Sun, 26 Jan 2025 00:05:56 GMT
Cache-Control: max-age=0, no-cache, no-store
Pragma: no-cache
Date: Sun, 26 Jan 2025 00:05:56 GMT
X-Cache: TCP_MISS from a96-16-85-142.deploy.akamaitechnologies.com (AkamaiGHost/11.8.1-2c00874bde3a1f428b1fbbe8783f6d16) (-)
Connection: close
X-Cache-Remote: TCP_MISS from a23-45-206-198.deploy.akamaitechnologies.com (AkamaiGHost/11.8.1-545a545a07b22376d11b3e238f123a02) (-)
x-tt-trace-tag: id=16;cdn-cache=miss;type=dyn
Server-Timing: cdn-cache; desc=MISS, edge; dur=157, origin; dur=10
Server-Timing: inner; dur=7
X-Parent-Response-Time: 165,96.16.85.142

{"code":40001,"message":"Permission denied.","request_id":"2025012600055535F5CC6482173B7D0B59"}

2025-01-26T00:05:57+00:00 DEBUG POST: https://business-api.tiktok.com/tbp/v2.0/shop/connection/disconnect?external_data=

--- EMPTY STRING ---
 ajax: no
2025-01-26T00:05:57+00:00 DEBUG Tt4b_Mapi_Class::tts_shop_disconnect: Response: 

HTTP/1.1 200 OK
Content-Type: application/json; charset=utf-8
Content-Length: 95
X-Api-Deprecation-Info: API for Business Version 1.3 is now live. To avoid disruption to your business, we recommend you migrate all calls to v1.3 as soon as possible. Please visit our migration guide for more details: https://ads.tiktok.com/marketing_api/docs?id=1740029169927169
X-Domain-Change-Info: We have moved to the new domain business-api.tiktok.com for API services after the Platform Upgrade on 09/30/2021. Please update all of your requests with the new domain if you haven't done so already. For more information, please visit https://ads.tiktok.com/marketing_api/docs?rid=esb88xalm6m&id=1709207085043713
X-Tt-Logid: 20250126000556FDBD78E16AA4D280E38A
x-tt-trace-host: 0122e596d261e17d59f2b5dceede5664a475bf9755a419f796614c81e654d7c4e95339f57fcfcf7d5e54d8299d8b0210a7eb0a00f38b3bd380ae394c110d73404f7f46f028f4a60f6034d8eb9bcf042d84161f9d75e419c685d90cfa2d3fdb8046f637dd850660e721ced8021d4fbceb87
x-tt-trace-id: 00-250126000556FDBD78E16AA4D280E38A-7701318C7FC29EF7-00
Server: TLB
X-Origin-Response-Time: 11,184.27.123.15
X-Akamai-Request-ID: 608998.44a207bb
Expires: Sun, 26 Jan 2025 00:05:57 GMT
Cache-Control: max-age=0, no-cache, no-store
Pragma: no-cache
Date: Sun, 26 Jan 2025 00:05:57 GMT
X-Cache: TCP_MISS from a96-16-85-147.deploy.akamaitechnologies.com (AkamaiGHost/11.8.0-1debf780f7d7c834933fa9689361eec6) (-)
Connection: close
X-Cache-Remote: TCP_MISS from a184-27-123-15.deploy.akamaitechnologies.com (AkamaiGHost/11.8.1-545a545a07b22376d11b3e238f123a02) (-)
x-tt-trace-tag: id=16;cdn-cache=miss;type=dyn
Server-Timing: cdn-cache; desc=MISS, edge; dur=158, origin; dur=11
Server-Timing: inner; dur=5
X-Parent-Response-Time: 167,96.16.85.147

{"code":40001,"message":"Permission denied.","request_id":"20250126000556FDBD78E16AA4D280E38A"}

